<?xml version="1.0" encoding="UTF-8"?>
<testsuite xmlns:xsi="http://www.w3.org/2001/XMLSchema-instance" xsi:noNamespaceSchemaLocation="https://maven.apache.org/surefire/maven-surefire-plugin/xsd/surefire-test-report-3.0.xsd" version="3.0" name="RmCommandTest" time="0.098" tests="6" errors="0" skipped="0" failures="0">
  <properties>
[...]
</properties>
  <testcase name="testDirectoryRemoval" classname="RmCommandTest" time="0.044"/>
  <testcase name="testFileRemoval" classname="RmCommandTest" time="0.003"/>
  <testcase name="testRemoveNonExistentDirectory" classname="RmCommandTest" time="0.005"/>
  <testcase name="testRemoveDirectoryWithNestedFiles" classname="RmCommandTest" time="0.002"/>
  <testcase name="testNoArgumentsProvided" classname="RmCommandTest" time="0.003"/>
  <testcase name="testRemoveNonExistentFile" classname="RmCommandTest" time="0.003"/>
</testsuite>